10:56:35.627 [http-nio-8054-exec-2] ERROR c.s.bookshop.security.jwt.JwtUtils - JWT token is expired: JWT expired at 2023-08-14T14:15:15Z. Current time: 2023-08-15T07:56:35Z, a difference of 63680624 milliseconds.  Allowed clock skew: 0 milliseconds.
10:56:35.881 [http-nio-8054-exec-2] ERROR o.h.e.jdbc.spi.SqlExceptionHelper - ОШИБКА: отношение "users" не существует
  Position: 129
10:58:53.648 [http-nio-8054-exec-1] ERROR c.s.bookshop.security.jwt.JwtUtils - JWT token is expired: JWT expired at 2023-08-14T14:15:15Z. Current time: 2023-08-15T07:58:53Z, a difference of 63818645 milliseconds.  Allowed clock skew: 0 milliseconds.
10:59:22.412 [http-nio-8054-exec-3] ERROR c.s.bookshop.security.jwt.JwtUtils - JWT token is expired: JWT expired at 2023-08-14T14:15:15Z. Current time: 2023-08-15T07:59:22Z, a difference of 63847412 milliseconds.  Allowed clock skew: 0 milliseconds.
12:11:31.815 [http-nio-8054-exec-2] ERROR c.s.bookshop.security.jwt.JwtUtils - JWT token is expired: JWT expired at 2023-08-15T09:00:03Z. Current time: 2023-08-15T09:11:31Z, a difference of 688814 milliseconds.  Allowed clock skew: 0 milliseconds.
12:14:02.243 [http-nio-8054-exec-7] ERROR c.s.bookshop.security.jwt.JwtUtils - JWT token is expired: JWT expired at 2023-08-07T10:08:36Z. Current time: 2023-08-15T09:14:02Z, a difference of 687926243 milliseconds.  Allowed clock skew: 0 milliseconds.
14:53:20.401 [http-nio-8054-exec-3] ERROR c.s.bookshop.security.jwt.JwtUtils - JWT token is expired: JWT expired at 2023-08-15T10:17:35Z. Current time: 2023-08-15T11:53:20Z, a difference of 5745399 milliseconds.  Allowed clock skew: 0 milliseconds.
14:53:20.401 [http-nio-8054-exec-4] ERROR c.s.bookshop.security.jwt.JwtUtils - JWT token is expired: JWT expired at 2023-08-15T10:17:35Z. Current time: 2023-08-15T11:53:20Z, a difference of 5745399 milliseconds.  Allowed clock skew: 0 milliseconds.
15:08:06.613 [main] ERROR o.s.boot.SpringApplication - Application run failed
java.lang.IllegalStateException: java.lang.IllegalStateException: Logback configuration error detected: 
ERROR in ch.qos.logback.core.pattern.parser.Compiler@3bd418e4 - Failed to instantiate converter class [ch.qos.logback.classic.pattern.HighlightingCompositeConverter] as a composite converter for keyword [myHighlight] ch.qos.logback.core.util.DynamicClassLoadingException: Failed to instantiate type ch.qos.logback.classic.pattern.HighlightingCompositeConverter
ERROR in ch.qos.logback.core.pattern.parser.Compiler@3bd418e4 - Failed to create converter for [%myHighlight] keyword
	at org.springframework.boot.context.logging.LoggingApplicationListener.initializeSystem(LoggingApplicationListener.java:347)
	at org.springframework.boot.context.logging.LoggingApplicationListener.initialize(LoggingApplicationListener.java:298)
	at org.springframework.boot.context.logging.LoggingApplicationListener.onApplicationEnvironmentPreparedEvent(LoggingApplicationListener.java:246)
	at org.springframework.boot.context.logging.LoggingApplicationListener.onApplicationEvent(LoggingApplicationListener.java:223)
	at org.springframework.context.event.SimpleApplicationEventMulticaster.doInvokeListener(SimpleApplicationEventMulticaster.java:172)
	at org.springframework.context.event.SimpleApplicationEventMulticaster.invokeListener(SimpleApplicationEventMulticaster.java:165)
	at org.springframework.context.event.SimpleApplicationEventMulticaster.multicastEvent(SimpleApplicationEventMulticaster.java:143)
	at org.springframework.context.event.SimpleApplicationEventMulticaster.multicastEvent(SimpleApplicationEventMulticaster.java:131)
	at org.springframework.boot.context.event.EventPublishingRunListener.multicastInitialEvent(EventPublishingRunListener.java:136)
	at org.springframework.boot.context.event.EventPublishingRunListener.environmentPrepared(EventPublishingRunListener.java:81)
	at org.springframework.boot.SpringApplicationRunListeners.lambda$environmentPrepared$2(SpringApplicationRunListeners.java:64)
	at java.base/java.lang.Iterable.forEach(Iterable.java:75)
	at org.springframework.boot.SpringApplicationRunListeners.doWithListeners(SpringApplicationRunListeners.java:118)
	at org.springframework.boot.SpringApplicationRunListeners.doWithListeners(SpringApplicationRunListeners.java:112)
	at org.springframework.boot.SpringApplicationRunListeners.environmentPrepared(SpringApplicationRunListeners.java:63)
	at org.springframework.boot.SpringApplication.prepareEnvironment(SpringApplication.java:356)
	at org.springframework.boot.SpringApplication.run(SpringApplication.java:307)
	at org.springframework.boot.SpringApplication.run(SpringApplication.java:1306)
	at org.springframework.boot.SpringApplication.run(SpringApplication.java:1295)
	at com.scand.bookshop.BookshopApplication.main(BookshopApplication.java:11)
Caused by: java.lang.IllegalStateException: Logback configuration error detected: 
ERROR in ch.qos.logback.core.pattern.parser.Compiler@3bd418e4 - Failed to instantiate converter class [ch.qos.logback.classic.pattern.HighlightingCompositeConverter] as a composite converter for keyword [myHighlight] ch.qos.logback.core.util.DynamicClassLoadingException: Failed to instantiate type ch.qos.logback.classic.pattern.HighlightingCompositeConverter
ERROR in ch.qos.logback.core.pattern.parser.Compiler@3bd418e4 - Failed to create converter for [%myHighlight] keyword
	at org.springframework.boot.logging.logback.LogbackLoggingSystem.reportConfigurationErrorsIfNecessary(LogbackLoggingSystem.java:260)
	at org.springframework.boot.logging.logback.LogbackLoggingSystem.loadConfiguration(LogbackLoggingSystem.java:247)
	at org.springframework.boot.logging.AbstractLoggingSystem.initializeWithConventions(AbstractLoggingSystem.java:80)
	at org.springframework.boot.logging.AbstractLoggingSystem.initialize(AbstractLoggingSystem.java:60)
	at org.springframework.boot.logging.logback.LogbackLoggingSystem.initialize(LogbackLoggingSystem.java:187)
	at org.springframework.boot.context.logging.LoggingApplicationListener.initializeSystem(LoggingApplicationListener.java:332)
	... 19 common frames omitted
15:11:32.057 [main] ERROR o.s.boot.SpringApplication - Application run failed
java.lang.IllegalStateException: java.lang.IllegalStateException: Logback configuration error detected: 
ERROR in ch.qos.logback.classic.PatternLayout("%d{HH:mm:ss.SSS} [%thread] \033[coloredLevel_IS_UNDEFINED%level\033[0;39m %logger{36} - %msg%n") - Failed to parse pattern "%d{HH:mm:ss.SSS} [%thread] \033[coloredLevel_IS_UNDEFINED%level\033[0;39m %logger{36} - %msg%n". ch.qos.logback.core.spi.ScanException: Failed to initialize Parser
	at org.springframework.boot.context.logging.LoggingApplicationListener.initializeSystem(LoggingApplicationListener.java:347)
	at org.springframework.boot.context.logging.LoggingApplicationListener.initialize(LoggingApplicationListener.java:298)
	at org.springframework.boot.context.logging.LoggingApplicationListener.onApplicationEnvironmentPreparedEvent(LoggingApplicationListener.java:246)
	at org.springframework.boot.context.logging.LoggingApplicationListener.onApplicationEvent(LoggingApplicationListener.java:223)
	at org.springframework.context.event.SimpleApplicationEventMulticaster.doInvokeListener(SimpleApplicationEventMulticaster.java:172)
	at org.springframework.context.event.SimpleApplicationEventMulticaster.invokeListener(SimpleApplicationEventMulticaster.java:165)
	at org.springframework.context.event.SimpleApplicationEventMulticaster.multicastEvent(SimpleApplicationEventMulticaster.java:143)
	at org.springframework.context.event.SimpleApplicationEventMulticaster.multicastEvent(SimpleApplicationEventMulticaster.java:131)
	at org.springframework.boot.context.event.EventPublishingRunListener.multicastInitialEvent(EventPublishingRunListener.java:136)
	at org.springframework.boot.context.event.EventPublishingRunListener.environmentPrepared(EventPublishingRunListener.java:81)
	at org.springframework.boot.SpringApplicationRunListeners.lambda$environmentPrepared$2(SpringApplicationRunListeners.java:64)
	at java.base/java.lang.Iterable.forEach(Iterable.java:75)
	at org.springframework.boot.SpringApplicationRunListeners.doWithListeners(SpringApplicationRunListeners.java:118)
	at org.springframework.boot.SpringApplicationRunListeners.doWithListeners(SpringApplicationRunListeners.java:112)
	at org.springframework.boot.SpringApplicationRunListeners.environmentPrepared(SpringApplicationRunListeners.java:63)
	at org.springframework.boot.SpringApplication.prepareEnvironment(SpringApplication.java:356)
	at org.springframework.boot.SpringApplication.run(SpringApplication.java:307)
	at org.springframework.boot.SpringApplication.run(SpringApplication.java:1306)
	at org.springframework.boot.SpringApplication.run(SpringApplication.java:1295)
	at com.scand.bookshop.BookshopApplication.main(BookshopApplication.java:11)
Caused by: java.lang.IllegalStateException: Logback configuration error detected: 
ERROR in ch.qos.logback.classic.PatternLayout("%d{HH:mm:ss.SSS} [%thread] \033[coloredLevel_IS_UNDEFINED%level\033[0;39m %logger{36} - %msg%n") - Failed to parse pattern "%d{HH:mm:ss.SSS} [%thread] \033[coloredLevel_IS_UNDEFINED%level\033[0;39m %logger{36} - %msg%n". ch.qos.logback.core.spi.ScanException: Failed to initialize Parser
	at org.springframework.boot.logging.logback.LogbackLoggingSystem.reportConfigurationErrorsIfNecessary(LogbackLoggingSystem.java:260)
	at org.springframework.boot.logging.logback.LogbackLoggingSystem.loadConfiguration(LogbackLoggingSystem.java:247)
	at org.springframework.boot.logging.AbstractLoggingSystem.initializeWithConventions(AbstractLoggingSystem.java:80)
	at org.springframework.boot.logging.AbstractLoggingSystem.initialize(AbstractLoggingSystem.java:60)
	at org.springframework.boot.logging.logback.LogbackLoggingSystem.initialize(LogbackLoggingSystem.java:187)
	at org.springframework.boot.context.logging.LoggingApplicationListener.initializeSystem(LoggingApplicationListener.java:332)
	... 19 common frames omitted
15:13:04.506 [main] ERROR o.s.boot.SpringApplication - Application run failed
java.lang.IllegalStateException: java.lang.IllegalStateException: Logback configuration error detected: 
ERROR in ch.qos.logback.core.pattern.parser.Compiler@3bd418e4 - Failed to instantiate converter class [ch.qos.logback.classic.pattern.HighlightConverter] as a composite converter for keyword [highlight] ch.qos.logback.core.util.DynamicClassLoadingException: Failed to instantiate type ch.qos.logback.classic.pattern.HighlightConverter
ERROR in ch.qos.logback.core.pattern.parser.Compiler@3bd418e4 - Failed to create converter for [%highlight] keyword
	at org.springframework.boot.context.logging.LoggingApplicationListener.initializeSystem(LoggingApplicationListener.java:347)
	at org.springframework.boot.context.logging.LoggingApplicationListener.initialize(LoggingApplicationListener.java:298)
	at org.springframework.boot.context.logging.LoggingApplicationListener.onApplicationEnvironmentPreparedEvent(LoggingApplicationListener.java:246)
	at org.springframework.boot.context.logging.LoggingApplicationListener.onApplicationEvent(LoggingApplicationListener.java:223)
	at org.springframework.context.event.SimpleApplicationEventMulticaster.doInvokeListener(SimpleApplicationEventMulticaster.java:172)
	at org.springframework.context.event.SimpleApplicationEventMulticaster.invokeListener(SimpleApplicationEventMulticaster.java:165)
	at org.springframework.context.event.SimpleApplicationEventMulticaster.multicastEvent(SimpleApplicationEventMulticaster.java:143)
	at org.springframework.context.event.SimpleApplicationEventMulticaster.multicastEvent(SimpleApplicationEventMulticaster.java:131)
	at org.springframework.boot.context.event.EventPublishingRunListener.multicastInitialEvent(EventPublishingRunListener.java:136)
	at org.springframework.boot.context.event.EventPublishingRunListener.environmentPrepared(EventPublishingRunListener.java:81)
	at org.springframework.boot.SpringApplicationRunListeners.lambda$environmentPrepared$2(SpringApplicationRunListeners.java:64)
	at java.base/java.lang.Iterable.forEach(Iterable.java:75)
	at org.springframework.boot.SpringApplicationRunListeners.doWithListeners(SpringApplicationRunListeners.java:118)
	at org.springframework.boot.SpringApplicationRunListeners.doWithListeners(SpringApplicationRunListeners.java:112)
	at org.springframework.boot.SpringApplicationRunListeners.environmentPrepared(SpringApplicationRunListeners.java:63)
	at org.springframework.boot.SpringApplication.prepareEnvironment(SpringApplication.java:356)
	at org.springframework.boot.SpringApplication.run(SpringApplication.java:307)
	at org.springframework.boot.SpringApplication.run(SpringApplication.java:1306)
	at org.springframework.boot.SpringApplication.run(SpringApplication.java:1295)
	at com.scand.bookshop.BookshopApplication.main(BookshopApplication.java:11)
Caused by: java.lang.IllegalStateException: Logback configuration error detected: 
ERROR in ch.qos.logback.core.pattern.parser.Compiler@3bd418e4 - Failed to instantiate converter class [ch.qos.logback.classic.pattern.HighlightConverter] as a composite converter for keyword [highlight] ch.qos.logback.core.util.DynamicClassLoadingException: Failed to instantiate type ch.qos.logback.classic.pattern.HighlightConverter
ERROR in ch.qos.logback.core.pattern.parser.Compiler@3bd418e4 - Failed to create converter for [%highlight] keyword
	at org.springframework.boot.logging.logback.LogbackLoggingSystem.reportConfigurationErrorsIfNecessary(LogbackLoggingSystem.java:260)
	at org.springframework.boot.logging.logback.LogbackLoggingSystem.loadConfiguration(LogbackLoggingSystem.java:247)
	at org.springframework.boot.logging.AbstractLoggingSystem.initializeWithConventions(AbstractLoggingSystem.java:80)
	at org.springframework.boot.logging.AbstractLoggingSystem.initialize(AbstractLoggingSystem.java:60)
	at org.springframework.boot.logging.logback.LogbackLoggingSystem.initialize(LogbackLoggingSystem.java:187)
	at org.springframework.boot.context.logging.LoggingApplicationListener.initializeSystem(LoggingApplicationListener.java:332)
	... 19 common frames omitted
